<?xml version="1.0" encoding="UTF-8" ?>
<testsuite tests="2" failures="2" name="nexsoft.test.CalculatorTest" time="0.067" errors="0" skipped="0">
  <properties>
[...]
</properties>
  <testcase classname="nexsoft.test.CalculatorTest" name="nexsoft.test.CalculatorTest.testMinus" time="0.007">
    <failure message="Cannot invoke &quot;nexsoft.test.Calculator.pengurangan(int, int)&quot; because &quot;this.calculator&quot; is null" type="java.lang.NullPointerException">java.lang.NullPointerException: Cannot invoke &quot;nexsoft.test.Calculator.pengurangan(int, int)&quot; because &quot;this.calculator&quot; is null
	at nexsoft.test.CalculatorTest.testMinus(CalculatorTest.java:101)
</failure>
  </testcase>
  <testcase classname="nexsoft.test.CalculatorTest" name="nexsoft.test.CalculatorTest.testPembagian" time="0.06">
    <failure message="Tidak ada throws ==&gt; Unexpected exception thrown: java.lang.NullPointerException: Cannot invoke &quot;nexsoft.test.Calculator.pembagian2(int, int)&quot; because &quot;this.calculator&quot; is null" type="org.opentest4j.AssertionFailedError">org.opentest4j.AssertionFailedError: Tidak ada throws ==&gt; Unexpected exception thrown: java.lang.NullPointerException: Cannot invoke &quot;nexsoft.test.Calculator.pembagian2(int, int)&quot; because &quot;this.calculator&quot; is null
	at org.junit.jupiter.api.AssertDoesNotThrow.createAssertionFailedError(AssertDoesNotThrow.java:83)
	at org.junit.jupiter.api.AssertDoesNotThrow.assertDoesNotThrow(AssertDoesNotThrow.java:54)
	at org.junit.jupiter.api.AssertDoesNotThrow.assertDoesNotThrow(AssertDoesNotThrow.java:41)
	at org.junit.jupiter.api.Assertions.assertDoesNotThrow(Assertions.java:3154)
	at nexsoft.test.CalculatorTest.testPembagian(CalculatorTest.java:121)
Caused by: java.lang.NullPointerException: Cannot invoke &quot;nexsoft.test.Calculator.pembagian2(int, int)&quot; because &quot;this.calculator&quot; is null
	at nexsoft.test.CalculatorTest.lambda$testPembagian$2(CalculatorTest.java:122)
	at org.junit.jupiter.api.AssertDoesNotThrow.assertDoesNotThrow(AssertDoesNotThrow.java:50)
	... 21 more
</failure>
  </testcase>
</testsuite>